[D] 2019-12-28T22:38:28.536 Dapper.QueryInternal
DECLARE name NVARCHAR(4000) = 'ConsoleProject_Default_v1';

SELECT * FROM sys.databases WHERE NAME = @name

[D] 2019-12-28T22:39:57.683 ExecuteReader
DECLARE @p1 NVARCHAR(4000) = 'admin';

SELECT 
T0.[UserId] AS [UserId],
T0.[Username] AS [Username],
T0.[Source] AS [Source],
T0.[PasswordHash] AS [PasswordHash],
T0.[PasswordSalt] AS [PasswordSalt],
T0.[DisplayName] AS [DisplayName],
T0.[Email] AS [Email],
T0.[UserImage] AS [UserImage],
T0.[LastDirectoryUpdate] AS [LastDirectoryUpdate],
T0.[IsActive] AS [IsActive],
T0.[InsertUserId] AS [InsertUserId],
T0.[InsertDate] AS [InsertDate],
T0.[UpdateUserId] AS [UpdateUserId],
T0.[UpdateDate] AS [UpdateDate] 
FROM [Users] T0 
WHERE (T0.[Username] = @p1)

[D] 2019-12-28T22:39:57.693 END - ExecuteReader
[D] 2019-12-28T22:39:59.881 ExecuteReader

SELECT 
T0.[Id] AS [Id],
T0.[LanguageName] AS [LanguageName],
T0.[LanguageId] AS [LanguageId] 
FROM [Languages] T0 
ORDER BY T0.[LanguageName]

[D] 2019-12-28T22:39:59.884 END - ExecuteReader
[D] 2019-12-28T22:40:04.255 ExecuteReader

SELECT 
T0.[Batch_Id] AS [BatchId],
CONCAT(T0.[Batch_Name], CONCAT(' : Time( ' , T0.Batch_Time,' )') , CONCAT(' Day : ' , T0.Batch_Days)) AS [LookupText] 
FROM [dbo].[Batch_tbl] T0 
ORDER BY CONCAT(T0.[Batch_Name], CONCAT(' : Time( ' , T0.Batch_Time,' )') , CONCAT(' Day : ' , T0.Batch_Days))

[D] 2019-12-28T22:40:04.260 END - ExecuteReader
[D] 2019-12-28T22:40:04.470 ExecuteReader

SELECT TOP 20 
T0.[Student_Id] AS [StudentId],
T0.[Name] AS [Name],
T0.[Gender] AS [Gender],
T0.[College_Name] AS [CollegeName],
T0.[College_batch] AS [CollegeBatch],
T0.[Father_Name] AS [FatherName],
T0.[Mother_Name] AS [MotherName],
T0.[Address] AS [Address],
T0.[Description] AS [Description],
T0.[Mother_Phone] AS [MotherPhone],
T0.[Father_Phone] AS [FatherPhone],
T0.[Personal_Phone] AS [PersonalPhone],
T0.[User_Image] AS [UserImage],
T0.[Batch_Id] AS [BatchId],
T0.[AdmissionDate] AS [AdmissionDate],
T0.[AdmissionType] AS [AdmissionType],
T0.[Course_TotalFee] AS [CourseTotalFee],
T0.[Course_Duration] AS [CourseDuration],
T0.[Monthly_Fee] AS [MonthlyFee],
T0.[Left_Date] AS [LeftDate],
T0.[Entry_Date] AS [EntryDate],
T0.[Entry_User] AS [EntryUser],
T0.[IsActive] AS [IsActive],
jStudent.[Name] AS [StudentName],
jBatch.[Batch_Name] AS [BatchBatchName] 
FROM [dbo].[StudentInfo_tbl] T0 
LEFT JOIN [dbo].[StudentInfo_tbl] jStudent ON (jStudent.[Student_Id] = T0.[Student_Id]) 
LEFT JOIN [dbo].[Batch_tbl] jBatch ON (jBatch.[Batch_Id] = T0.[Batch_Id]) 
ORDER BY CONCAT(T0.[Name], CONCAT(' - ' , T0.Student_Id)), T0.[Student_Id];
SELECT count(*)  
FROM [dbo].[StudentInfo_tbl] T0 
LEFT JOIN [dbo].[StudentInfo_tbl] jStudent ON (jStudent.[Student_Id] = T0.[Student_Id]) 
LEFT JOIN [dbo].[Batch_tbl] jBatch ON (jBatch.[Batch_Id] = T0.[Batch_Id])

[D] 2019-12-28T22:40:04.484 END - ExecuteReader
[D] 2019-12-28T22:40:08.511 ExecuteReader
DECLARE @p1 INT = 1002;

SELECT 
T0.[Student_Id] AS [StudentId],
T0.[Name] AS [Name],
T0.[Gender] AS [Gender],
T0.[College_Name] AS [CollegeName],
T0.[College_batch] AS [CollegeBatch],
T0.[Father_Name] AS [FatherName],
T0.[Mother_Name] AS [MotherName],
T0.[Address] AS [Address],
T0.[Description] AS [Description],
T0.[Mother_Phone] AS [MotherPhone],
T0.[Father_Phone] AS [FatherPhone],
T0.[Personal_Phone] AS [PersonalPhone],
T0.[User_Image] AS [UserImage],
T0.[Batch_Id] AS [BatchId],
T0.[AdmissionDate] AS [AdmissionDate],
T0.[AdmissionType] AS [AdmissionType],
T0.[Course_TotalFee] AS [CourseTotalFee],
T0.[Course_Duration] AS [CourseDuration],
T0.[Monthly_Fee] AS [MonthlyFee],
T0.[Left_Date] AS [LeftDate],
T0.[Entry_Date] AS [EntryDate],
T0.[Entry_User] AS [EntryUser],
T0.[IsActive] AS [IsActive],
T0.[Student_Id] AS [StudentId],
jStudent.[Name] AS [StudentName],
jStudent.[College_Name] AS [StudentCollegeName],
T0.[College_batch] AS [CollegeBatch],
jStudent.[Gender] AS [StudentGender],
T0.[Father_Name] AS [FatherName],
T0.[Mother_Name] AS [MotherName],
T0.[Mother_Name] AS [MotherName],
T0.[College_Name] AS [CollegeName],
jStudent.[Address] AS [StudentAddress],
T0.[Personal_Phone] AS [PersonalPhone],
T0.[Father_Phone] AS [FatherPhone],
T0.[Mother_Phone] AS [MotherPhone],
T0.[User_Image] AS [UserImage],
T0.[Entry_Date] AS [EntryDate],
T0.[AdmissionDate] AS [AdmissionDate],
jBatch.[Batch_Name] AS [BatchBatchName],
jBatch.[Batch_Time] AS [BatchBatchTime],
jBatch.[Batch_Days] AS [BatchBatchDays],
T0.[AdmissionType] AS [AdmissionType],
T0.[Monthly_Fee] AS [MonthlyFee],
T0.[Course_TotalFee] AS [CourseTotalFee],
T0.[Course_Duration] AS [CourseDuration],
jStudent.[Name] AS [StudentName] 
FROM [dbo].[StudentInfo_tbl] T0 
LEFT JOIN [dbo].[StudentInfo_tbl] jStudent ON (jStudent.[Student_Id] = T0.[Student_Id]) 
LEFT JOIN [dbo].[Batch_tbl] jBatch ON (jBatch.[Batch_Id] = T0.[Batch_Id]) 
WHERE (T0.[Student_Id] = @p1)

[D] 2019-12-28T22:40:08.517 END - ExecuteReader
[D] 2019-12-28T22:41:20.746 ExecuteReader
DECLARE @p1 INT = 1002;

SELECT 
T0.[Student_Id] AS [StudentId],
T0.[Name] AS [Name],
T0.[Gender] AS [Gender],
T0.[College_Name] AS [CollegeName],
T0.[College_batch] AS [CollegeBatch],
T0.[Father_Name] AS [FatherName],
T0.[Mother_Name] AS [MotherName],
T0.[Address] AS [Address],
T0.[Description] AS [Description],
T0.[Mother_Phone] AS [MotherPhone],
T0.[Father_Phone] AS [FatherPhone],
T0.[Personal_Phone] AS [PersonalPhone],
T0.[User_Image] AS [UserImage],
T0.[Batch_Id] AS [BatchId],
T0.[AdmissionDate] AS [AdmissionDate],
T0.[AdmissionType] AS [AdmissionType],
T0.[Course_TotalFee] AS [CourseTotalFee],
T0.[Course_Duration] AS [CourseDuration],
T0.[Monthly_Fee] AS [MonthlyFee],
T0.[Left_Date] AS [LeftDate],
T0.[Entry_Date] AS [EntryDate],
T0.[Entry_User] AS [EntryUser],
T0.[IsActive] AS [IsActive],
T0.[Student_Id] AS [StudentId],
jStudent.[Name] AS [StudentName],
jStudent.[College_Name] AS [StudentCollegeName],
T0.[College_batch] AS [CollegeBatch],
jStudent.[Gender] AS [StudentGender],
T0.[Father_Name] AS [FatherName],
T0.[Mother_Name] AS [MotherName],
T0.[Mother_Name] AS [MotherName],
T0.[College_Name] AS [CollegeName],
jStudent.[Address] AS [StudentAddress],
T0.[Personal_Phone] AS [PersonalPhone],
T0.[Father_Phone] AS [FatherPhone],
T0.[Mother_Phone] AS [MotherPhone],
T0.[User_Image] AS [UserImage],
T0.[Entry_Date] AS [EntryDate],
T0.[AdmissionDate] AS [AdmissionDate],
jBatch.[Batch_Name] AS [BatchBatchName],
jBatch.[Batch_Time] AS [BatchBatchTime],
jBatch.[Batch_Days] AS [BatchBatchDays],
T0.[AdmissionType] AS [AdmissionType],
T0.[Monthly_Fee] AS [MonthlyFee],
T0.[Course_TotalFee] AS [CourseTotalFee],
T0.[Course_Duration] AS [CourseDuration],
jStudent.[Name] AS [StudentName] 
FROM [dbo].[StudentInfo_tbl] T0 
LEFT JOIN [dbo].[StudentInfo_tbl] jStudent ON (jStudent.[Student_Id] = T0.[Student_Id]) 
LEFT JOIN [dbo].[Batch_tbl] jBatch ON (jBatch.[Batch_Id] = T0.[Batch_Id]) 
WHERE (T0.[Student_Id] = @p1)

[D] 2019-12-28T22:41:20.750 END - ExecuteReader
[D] 2019-12-28T22:41:29.095 ExecuteReader

SELECT TOP 20 
T0.[Student_Id] AS [StudentId],
T0.[Name] AS [Name],
T0.[Gender] AS [Gender],
T0.[College_Name] AS [CollegeName],
T0.[College_batch] AS [CollegeBatch],
T0.[Father_Name] AS [FatherName],
T0.[Mother_Name] AS [MotherName],
T0.[Address] AS [Address],
T0.[Description] AS [Description],
T0.[Mother_Phone] AS [MotherPhone],
T0.[Father_Phone] AS [FatherPhone],
T0.[Personal_Phone] AS [PersonalPhone],
T0.[User_Image] AS [UserImage],
T0.[Batch_Id] AS [BatchId],
T0.[AdmissionDate] AS [AdmissionDate],
T0.[AdmissionType] AS [AdmissionType],
T0.[Course_TotalFee] AS [CourseTotalFee],
T0.[Course_Duration] AS [CourseDuration],
T0.[Monthly_Fee] AS [MonthlyFee],
T0.[Left_Date] AS [LeftDate],
T0.[Entry_Date] AS [EntryDate],
T0.[Entry_User] AS [EntryUser],
T0.[IsActive] AS [IsActive],
jStudent.[Name] AS [StudentName],
jBatch.[Batch_Name] AS [BatchBatchName] 
FROM [dbo].[StudentInfo_tbl] T0 
LEFT JOIN [dbo].[StudentInfo_tbl] jStudent ON (jStudent.[Student_Id] = T0.[Student_Id]) 
LEFT JOIN [dbo].[Batch_tbl] jBatch ON (jBatch.[Batch_Id] = T0.[Batch_Id]) 
ORDER BY CONCAT(T0.[Name], CONCAT(' - ' , T0.Student_Id)), T0.[Student_Id];
SELECT count(*)  
FROM [dbo].[StudentInfo_tbl] T0 
LEFT JOIN [dbo].[StudentInfo_tbl] jStudent ON (jStudent.[Student_Id] = T0.[Student_Id]) 
LEFT JOIN [dbo].[Batch_tbl] jBatch ON (jBatch.[Batch_Id] = T0.[Batch_Id])

[D] 2019-12-28T22:41:29.102 END - ExecuteReader
[D] 2019-12-28T22:41:31.888 ExecuteReader
DECLARE @p1 INT = 1001;

SELECT 
T0.[Student_Id] AS [StudentId],
T0.[Name] AS [Name],
T0.[Gender] AS [Gender],
T0.[College_Name] AS [CollegeName],
T0.[College_batch] AS [CollegeBatch],
T0.[Father_Name] AS [FatherName],
T0.[Mother_Name] AS [MotherName],
T0.[Address] AS [Address],
T0.[Description] AS [Description],
T0.[Mother_Phone] AS [MotherPhone],
T0.[Father_Phone] AS [FatherPhone],
T0.[Personal_Phone] AS [PersonalPhone],
T0.[User_Image] AS [UserImage],
T0.[Batch_Id] AS [BatchId],
T0.[AdmissionDate] AS [AdmissionDate],
T0.[AdmissionType] AS [AdmissionType],
T0.[Course_TotalFee] AS [CourseTotalFee],
T0.[Course_Duration] AS [CourseDuration],
T0.[Monthly_Fee] AS [MonthlyFee],
T0.[Left_Date] AS [LeftDate],
T0.[Entry_Date] AS [EntryDate],
T0.[Entry_User] AS [EntryUser],
T0.[IsActive] AS [IsActive],
T0.[Student_Id] AS [StudentId],
jStudent.[Name] AS [StudentName],
jStudent.[College_Name] AS [StudentCollegeName],
T0.[College_batch] AS [CollegeBatch],
jStudent.[Gender] AS [StudentGender],
T0.[Father_Name] AS [FatherName],
T0.[Mother_Name] AS [MotherName],
T0.[Mother_Name] AS [MotherName],
T0.[College_Name] AS [CollegeName],
jStudent.[Address] AS [StudentAddress],
T0.[Personal_Phone] AS [PersonalPhone],
T0.[Father_Phone] AS [FatherPhone],
T0.[Mother_Phone] AS [MotherPhone],
T0.[User_Image] AS [UserImage],
T0.[Entry_Date] AS [EntryDate],
T0.[AdmissionDate] AS [AdmissionDate],
jBatch.[Batch_Name] AS [BatchBatchName],
jBatch.[Batch_Time] AS [BatchBatchTime],
jBatch.[Batch_Days] AS [BatchBatchDays],
T0.[AdmissionType] AS [AdmissionType],
T0.[Monthly_Fee] AS [MonthlyFee],
T0.[Course_TotalFee] AS [CourseTotalFee],
T0.[Course_Duration] AS [CourseDuration],
jStudent.[Name] AS [StudentName] 
FROM [dbo].[StudentInfo_tbl] T0 
LEFT JOIN [dbo].[StudentInfo_tbl] jStudent ON (jStudent.[Student_Id] = T0.[Student_Id]) 
LEFT JOIN [dbo].[Batch_tbl] jBatch ON (jBatch.[Batch_Id] = T0.[Batch_Id]) 
WHERE (T0.[Student_Id] = @p1)

[D] 2019-12-28T22:41:31.888 END - ExecuteReader
[D] 2019-12-28T22:42:01.957 ExecuteReader

SELECT TOP 20 
T0.[Student_Id] AS [StudentId],
T0.[Name] AS [Name],
T0.[Gender] AS [Gender],
T0.[College_Name] AS [CollegeName],
T0.[College_batch] AS [CollegeBatch],
T0.[Father_Name] AS [FatherName],
T0.[Mother_Name] AS [MotherName],
T0.[Address] AS [Address],
T0.[Description] AS [Description],
T0.[Mother_Phone] AS [MotherPhone],
T0.[Father_Phone] AS [FatherPhone],
T0.[Personal_Phone] AS [PersonalPhone],
T0.[User_Image] AS [UserImage],
T0.[Batch_Id] AS [BatchId],
T0.[AdmissionDate] AS [AdmissionDate],
T0.[AdmissionType] AS [AdmissionType],
T0.[Course_TotalFee] AS [CourseTotalFee],
T0.[Course_Duration] AS [CourseDuration],
T0.[Monthly_Fee] AS [MonthlyFee],
T0.[Left_Date] AS [LeftDate],
T0.[Entry_Date] AS [EntryDate],
T0.[Entry_User] AS [EntryUser],
T0.[IsActive] AS [IsActive],
jStudent.[Name] AS [StudentName],
jBatch.[Batch_Name] AS [BatchBatchName] 
FROM [dbo].[StudentInfo_tbl] T0 
LEFT JOIN [dbo].[StudentInfo_tbl] jStudent ON (jStudent.[Student_Id] = T0.[Student_Id]) 
LEFT JOIN [dbo].[Batch_tbl] jBatch ON (jBatch.[Batch_Id] = T0.[Batch_Id]) 
ORDER BY CONCAT(T0.[Name], CONCAT(' - ' , T0.Student_Id)), T0.[Student_Id];
SELECT count(*)  
FROM [dbo].[StudentInfo_tbl] T0 
LEFT JOIN [dbo].[StudentInfo_tbl] jStudent ON (jStudent.[Student_Id] = T0.[Student_Id]) 
LEFT JOIN [dbo].[Batch_tbl] jBatch ON (jBatch.[Batch_Id] = T0.[Batch_Id])

[D] 2019-12-28T22:42:01.969 END - ExecuteReader
[D] 2019-12-28T22:42:04.256 ExecuteReader
DECLARE @p1 INT = 1000;

SELECT 
T0.[Student_Id] AS [StudentId],
T0.[Name] AS [Name],
T0.[Gender] AS [Gender],
T0.[College_Name] AS [CollegeName],
T0.[College_batch] AS [CollegeBatch],
T0.[Father_Name] AS [FatherName],
T0.[Mother_Name] AS [MotherName],
T0.[Address] AS [Address],
T0.[Description] AS [Description],
T0.[Mother_Phone] AS [MotherPhone],
T0.[Father_Phone] AS [FatherPhone],
T0.[Personal_Phone] AS [PersonalPhone],
T0.[User_Image] AS [UserImage],
T0.[Batch_Id] AS [BatchId],
T0.[AdmissionDate] AS [AdmissionDate],
T0.[AdmissionType] AS [AdmissionType],
T0.[Course_TotalFee] AS [CourseTotalFee],
T0.[Course_Duration] AS [CourseDuration],
T0.[Monthly_Fee] AS [MonthlyFee],
T0.[Left_Date] AS [LeftDate],
T0.[Entry_Date] AS [EntryDate],
T0.[Entry_User] AS [EntryUser],
T0.[IsActive] AS [IsActive],
T0.[Student_Id] AS [StudentId],
jStudent.[Name] AS [StudentName],
jStudent.[College_Name] AS [StudentCollegeName],
T0.[College_batch] AS [CollegeBatch],
jStudent.[Gender] AS [StudentGender],
T0.[Father_Name] AS [FatherName],
T0.[Mother_Name] AS [MotherName],
T0.[Mother_Name] AS [MotherName],
T0.[College_Name] AS [CollegeName],
jStudent.[Address] AS [StudentAddress],
T0.[Personal_Phone] AS [PersonalPhone],
T0.[Father_Phone] AS [FatherPhone],
T0.[Mother_Phone] AS [MotherPhone],
T0.[User_Image] AS [UserImage],
T0.[Entry_Date] AS [EntryDate],
T0.[AdmissionDate] AS [AdmissionDate],
jBatch.[Batch_Name] AS [BatchBatchName],
jBatch.[Batch_Time] AS [BatchBatchTime],
jBatch.[Batch_Days] AS [BatchBatchDays],
T0.[AdmissionType] AS [AdmissionType],
T0.[Monthly_Fee] AS [MonthlyFee],
T0.[Course_TotalFee] AS [CourseTotalFee],
T0.[Course_Duration] AS [CourseDuration],
jStudent.[Name] AS [StudentName] 
FROM [dbo].[StudentInfo_tbl] T0 
LEFT JOIN [dbo].[StudentInfo_tbl] jStudent ON (jStudent.[Student_Id] = T0.[Student_Id]) 
LEFT JOIN [dbo].[Batch_tbl] jBatch ON (jBatch.[Batch_Id] = T0.[Batch_Id]) 
WHERE (T0.[Student_Id] = @p1)

[D] 2019-12-28T22:42:04.265 END - ExecuteReader
[D] 2019-12-28T22:43:00.135 ExecuteReader
DECLARE @p1 INT = 1000;

SELECT 
T0.[Student_Id] AS [StudentId],
T0.[Name] AS [Name],
T0.[Gender] AS [Gender],
T0.[College_Name] AS [CollegeName],
T0.[College_batch] AS [CollegeBatch],
T0.[Father_Name] AS [FatherName],
T0.[Mother_Name] AS [MotherName],
T0.[Address] AS [Address],
T0.[Description] AS [Description],
T0.[Mother_Phone] AS [MotherPhone],
T0.[Father_Phone] AS [FatherPhone],
T0.[Personal_Phone] AS [PersonalPhone],
T0.[User_Image] AS [UserImage],
T0.[Batch_Id] AS [BatchId],
T0.[AdmissionDate] AS [AdmissionDate],
T0.[AdmissionType] AS [AdmissionType],
T0.[Course_TotalFee] AS [CourseTotalFee],
T0.[Course_Duration] AS [CourseDuration],
T0.[Monthly_Fee] AS [MonthlyFee],
T0.[Left_Date] AS [LeftDate],
T0.[Entry_Date] AS [EntryDate],
T0.[Entry_User] AS [EntryUser],
T0.[IsActive] AS [IsActive],
T0.[Student_Id] AS [StudentId],
jStudent.[Name] AS [StudentName],
jStudent.[College_Name] AS [StudentCollegeName],
T0.[College_batch] AS [CollegeBatch],
jStudent.[Gender] AS [StudentGender],
T0.[Father_Name] AS [FatherName],
T0.[Mother_Name] AS [MotherName],
T0.[Mother_Name] AS [MotherName],
T0.[College_Name] AS [CollegeName],
jStudent.[Address] AS [StudentAddress],
T0.[Personal_Phone] AS [PersonalPhone],
T0.[Father_Phone] AS [FatherPhone],
T0.[Mother_Phone] AS [MotherPhone],
T0.[User_Image] AS [UserImage],
T0.[Entry_Date] AS [EntryDate],
T0.[AdmissionDate] AS [AdmissionDate],
jBatch.[Batch_Name] AS [BatchBatchName],
jBatch.[Batch_Time] AS [BatchBatchTime],
jBatch.[Batch_Days] AS [BatchBatchDays],
T0.[AdmissionType] AS [AdmissionType],
T0.[Monthly_Fee] AS [MonthlyFee],
T0.[Course_TotalFee] AS [CourseTotalFee],
T0.[Course_Duration] AS [CourseDuration],
jStudent.[Name] AS [StudentName] 
FROM [dbo].[StudentInfo_tbl] T0 
LEFT JOIN [dbo].[StudentInfo_tbl] jStudent ON (jStudent.[Student_Id] = T0.[Student_Id]) 
LEFT JOIN [dbo].[Batch_tbl] jBatch ON (jBatch.[Batch_Id] = T0.[Batch_Id]) 
WHERE (T0.[Student_Id] = @p1)

[D] 2019-12-28T22:43:00.139 END - ExecuteReader
[D] 2019-12-28T22:43:08.211 ExecuteReader

SELECT TOP 20 
T0.[Student_Id] AS [StudentId],
T0.[Name] AS [Name],
T0.[Gender] AS [Gender],
T0.[College_Name] AS [CollegeName],
T0.[College_batch] AS [CollegeBatch],
T0.[Father_Name] AS [FatherName],
T0.[Mother_Name] AS [MotherName],
T0.[Address] AS [Address],
T0.[Description] AS [Description],
T0.[Mother_Phone] AS [MotherPhone],
T0.[Father_Phone] AS [FatherPhone],
T0.[Personal_Phone] AS [PersonalPhone],
T0.[User_Image] AS [UserImage],
T0.[Batch_Id] AS [BatchId],
T0.[AdmissionDate] AS [AdmissionDate],
T0.[AdmissionType] AS [AdmissionType],
T0.[Course_TotalFee] AS [CourseTotalFee],
T0.[Course_Duration] AS [CourseDuration],
T0.[Monthly_Fee] AS [MonthlyFee],
T0.[Left_Date] AS [LeftDate],
T0.[Entry_Date] AS [EntryDate],
T0.[Entry_User] AS [EntryUser],
T0.[IsActive] AS [IsActive],
jStudent.[Name] AS [StudentName],
jBatch.[Batch_Name] AS [BatchBatchName] 
FROM [dbo].[StudentInfo_tbl] T0 
LEFT JOIN [dbo].[StudentInfo_tbl] jStudent ON (jStudent.[Student_Id] = T0.[Student_Id]) 
LEFT JOIN [dbo].[Batch_tbl] jBatch ON (jBatch.[Batch_Id] = T0.[Batch_Id]) 
ORDER BY CONCAT(T0.[Name], CONCAT(' - ' , T0.Student_Id)), T0.[Student_Id];
SELECT count(*)  
FROM [dbo].[StudentInfo_tbl] T0 
LEFT JOIN [dbo].[StudentInfo_tbl] jStudent ON (jStudent.[Student_Id] = T0.[Student_Id]) 
LEFT JOIN [dbo].[Batch_tbl] jBatch ON (jBatch.[Batch_Id] = T0.[Batch_Id])

[D] 2019-12-28T22:43:08.229 END - ExecuteReader
[D] 2019-12-28T22:43:10.973 ExecuteReader
DECLARE @p1 INT = 1001;

SELECT 
T0.[Student_Id] AS [StudentId],
T0.[Name] AS [Name],
T0.[Gender] AS [Gender],
T0.[College_Name] AS [CollegeName],
T0.[College_batch] AS [CollegeBatch],
T0.[Father_Name] AS [FatherName],
T0.[Mother_Name] AS [MotherName],
T0.[Address] AS [Address],
T0.[Description] AS [Description],
T0.[Mother_Phone] AS [MotherPhone],
T0.[Father_Phone] AS [FatherPhone],
T0.[Personal_Phone] AS [PersonalPhone],
T0.[User_Image] AS [UserImage],
T0.[Batch_Id] AS [BatchId],
T0.[AdmissionDate] AS [AdmissionDate],
T0.[AdmissionType] AS [AdmissionType],
T0.[Course_TotalFee] AS [CourseTotalFee],
T0.[Course_Duration] AS [CourseDuration],
T0.[Monthly_Fee] AS [MonthlyFee],
T0.[Left_Date] AS [LeftDate],
T0.[Entry_Date] AS [EntryDate],
T0.[Entry_User] AS [EntryUser],
T0.[IsActive] AS [IsActive],
T0.[Student_Id] AS [StudentId],
jStudent.[Name] AS [StudentName],
jStudent.[College_Name] AS [StudentCollegeName],
T0.[College_batch] AS [CollegeBatch],
jStudent.[Gender] AS [StudentGender],
T0.[Father_Name] AS [FatherName],
T0.[Mother_Name] AS [MotherName],
T0.[Mother_Name] AS [MotherName],
T0.[College_Name] AS [CollegeName],
jStudent.[Address] AS [StudentAddress],
T0.[Personal_Phone] AS [PersonalPhone],
T0.[Father_Phone] AS [FatherPhone],
T0.[Mother_Phone] AS [MotherPhone],
T0.[User_Image] AS [UserImage],
T0.[Entry_Date] AS [EntryDate],
T0.[AdmissionDate] AS [AdmissionDate],
jBatch.[Batch_Name] AS [BatchBatchName],
jBatch.[Batch_Time] AS [BatchBatchTime],
jBatch.[Batch_Days] AS [BatchBatchDays],
T0.[AdmissionType] AS [AdmissionType],
T0.[Monthly_Fee] AS [MonthlyFee],
T0.[Course_TotalFee] AS [CourseTotalFee],
T0.[Course_Duration] AS [CourseDuration],
jStudent.[Name] AS [StudentName] 
FROM [dbo].[StudentInfo_tbl] T0 
LEFT JOIN [dbo].[StudentInfo_tbl] jStudent ON (jStudent.[Student_Id] = T0.[Student_Id]) 
LEFT JOIN [dbo].[Batch_tbl] jBatch ON (jBatch.[Batch_Id] = T0.[Batch_Id]) 
WHERE (T0.[Student_Id] = @p1)

[D] 2019-12-28T22:43:10.986 END - ExecuteReader
[D] 2019-12-28T22:43:54.175 ExecuteReader

SELECT TOP 20 
T0.[Student_Id] AS [StudentId],
T0.[Name] AS [Name],
T0.[Gender] AS [Gender],
T0.[College_Name] AS [CollegeName],
T0.[College_batch] AS [CollegeBatch],
T0.[Father_Name] AS [FatherName],
T0.[Mother_Name] AS [MotherName],
T0.[Address] AS [Address],
T0.[Description] AS [Description],
T0.[Mother_Phone] AS [MotherPhone],
T0.[Father_Phone] AS [FatherPhone],
T0.[Personal_Phone] AS [PersonalPhone],
T0.[User_Image] AS [UserImage],
T0.[Batch_Id] AS [BatchId],
T0.[AdmissionDate] AS [AdmissionDate],
T0.[AdmissionType] AS [AdmissionType],
T0.[Course_TotalFee] AS [CourseTotalFee],
T0.[Course_Duration] AS [CourseDuration],
T0.[Monthly_Fee] AS [MonthlyFee],
T0.[Left_Date] AS [LeftDate],
T0.[Entry_Date] AS [EntryDate],
T0.[Entry_User] AS [EntryUser],
T0.[IsActive] AS [IsActive],
jStudent.[Name] AS [StudentName],
jBatch.[Batch_Name] AS [BatchBatchName] 
FROM [dbo].[StudentInfo_tbl] T0 
LEFT JOIN [dbo].[StudentInfo_tbl] jStudent ON (jStudent.[Student_Id] = T0.[Student_Id]) 
LEFT JOIN [dbo].[Batch_tbl] jBatch ON (jBatch.[Batch_Id] = T0.[Batch_Id]) 
ORDER BY CONCAT(T0.[Name], CONCAT(' - ' , T0.Student_Id)), T0.[Student_Id];
SELECT count(*)  
FROM [dbo].[StudentInfo_tbl] T0 
LEFT JOIN [dbo].[StudentInfo_tbl] jStudent ON (jStudent.[Student_Id] = T0.[Student_Id]) 
LEFT JOIN [dbo].[Batch_tbl] jBatch ON (jBatch.[Batch_Id] = T0.[Batch_Id])

[D] 2019-12-28T22:43:54.182 END - ExecuteReader
[D] 2019-12-28T22:43:56.250 ExecuteReader
DECLARE @p1 INT = 1000;

SELECT 
T0.[Student_Id] AS [StudentId],
T0.[Name] AS [Name],
T0.[Gender] AS [Gender],
T0.[College_Name] AS [CollegeName],
T0.[College_batch] AS [CollegeBatch],
T0.[Father_Name] AS [FatherName],
T0.[Mother_Name] AS [MotherName],
T0.[Address] AS [Address],
T0.[Description] AS [Description],
T0.[Mother_Phone] AS [MotherPhone],
T0.[Father_Phone] AS [FatherPhone],
T0.[Personal_Phone] AS [PersonalPhone],
T0.[User_Image] AS [UserImage],
T0.[Batch_Id] AS [BatchId],
T0.[AdmissionDate] AS [AdmissionDate],
T0.[AdmissionType] AS [AdmissionType],
T0.[Course_TotalFee] AS [CourseTotalFee],
T0.[Course_Duration] AS [CourseDuration],
T0.[Monthly_Fee] AS [MonthlyFee],
T0.[Left_Date] AS [LeftDate],
T0.[Entry_Date] AS [EntryDate],
T0.[Entry_User] AS [EntryUser],
T0.[IsActive] AS [IsActive],
T0.[Student_Id] AS [StudentId],
jStudent.[Name] AS [StudentName],
jStudent.[College_Name] AS [StudentCollegeName],
T0.[College_batch] AS [CollegeBatch],
jStudent.[Gender] AS [StudentGender],
T0.[Father_Name] AS [FatherName],
T0.[Mother_Name] AS [MotherName],
T0.[Mother_Name] AS [MotherName],
T0.[College_Name] AS [CollegeName],
jStudent.[Address] AS [StudentAddress],
T0.[Personal_Phone] AS [PersonalPhone],
T0.[Father_Phone] AS [FatherPhone],
T0.[Mother_Phone] AS [MotherPhone],
T0.[User_Image] AS [UserImage],
T0.[Entry_Date] AS [EntryDate],
T0.[AdmissionDate] AS [AdmissionDate],
jBatch.[Batch_Name] AS [BatchBatchName],
jBatch.[Batch_Time] AS [BatchBatchTime],
jBatch.[Batch_Days] AS [BatchBatchDays],
T0.[AdmissionType] AS [AdmissionType],
T0.[Monthly_Fee] AS [MonthlyFee],
T0.[Course_TotalFee] AS [CourseTotalFee],
T0.[Course_Duration] AS [CourseDuration],
jStudent.[Name] AS [StudentName] 
FROM [dbo].[StudentInfo_tbl] T0 
LEFT JOIN [dbo].[StudentInfo_tbl] jStudent ON (jStudent.[Student_Id] = T0.[Student_Id]) 
LEFT JOIN [dbo].[Batch_tbl] jBatch ON (jBatch.[Batch_Id] = T0.[Batch_Id]) 
WHERE (T0.[Student_Id] = @p1)

[D] 2019-12-28T22:43:56.254 END - ExecuteReader
[D] 2019-12-28T22:44:51.291 ExecuteReader
DECLARE @p1 INT = 1000;

SELECT 
T0.[Student_Id] AS [StudentId],
T0.[Name] AS [Name],
T0.[Gender] AS [Gender],
T0.[College_Name] AS [CollegeName],
T0.[College_batch] AS [CollegeBatch],
T0.[Father_Name] AS [FatherName],
T0.[Mother_Name] AS [MotherName],
T0.[Address] AS [Address],
T0.[Description] AS [Description],
T0.[Mother_Phone] AS [MotherPhone],
T0.[Father_Phone] AS [FatherPhone],
T0.[Personal_Phone] AS [PersonalPhone],
T0.[User_Image] AS [UserImage],
T0.[Batch_Id] AS [BatchId],
T0.[AdmissionDate] AS [AdmissionDate],
T0.[AdmissionType] AS [AdmissionType],
T0.[Course_TotalFee] AS [CourseTotalFee],
T0.[Course_Duration] AS [CourseDuration],
T0.[Monthly_Fee] AS [MonthlyFee],
T0.[Left_Date] AS [LeftDate],
T0.[Entry_Date] AS [EntryDate],
T0.[Entry_User] AS [EntryUser],
T0.[IsActive] AS [IsActive],
T0.[Student_Id] AS [StudentId],
jStudent.[Name] AS [StudentName],
jStudent.[College_Name] AS [StudentCollegeName],
T0.[College_batch] AS [CollegeBatch],
jStudent.[Gender] AS [StudentGender],
T0.[Father_Name] AS [FatherName],
T0.[Mother_Name] AS [MotherName],
T0.[Mother_Name] AS [MotherName],
T0.[College_Name] AS [CollegeName],
jStudent.[Address] AS [StudentAddress],
T0.[Personal_Phone] AS [PersonalPhone],
T0.[Father_Phone] AS [FatherPhone],
T0.[Mother_Phone] AS [MotherPhone],
T0.[User_Image] AS [UserImage],
T0.[Entry_Date] AS [EntryDate],
T0.[AdmissionDate] AS [AdmissionDate],
jBatch.[Batch_Name] AS [BatchBatchName],
jBatch.[Batch_Time] AS [BatchBatchTime],
jBatch.[Batch_Days] AS [BatchBatchDays],
T0.[AdmissionType] AS [AdmissionType],
T0.[Monthly_Fee] AS [MonthlyFee],
T0.[Course_TotalFee] AS [CourseTotalFee],
T0.[Course_Duration] AS [CourseDuration],
jStudent.[Name] AS [StudentName] 
FROM [dbo].[StudentInfo_tbl] T0 
LEFT JOIN [dbo].[StudentInfo_tbl] jStudent ON (jStudent.[Student_Id] = T0.[Student_Id]) 
LEFT JOIN [dbo].[Batch_tbl] jBatch ON (jBatch.[Batch_Id] = T0.[Batch_Id]) 
WHERE (T0.[Student_Id] = @p1)

[D] 2019-12-28T22:44:51.307 END - ExecuteReader
[D] 2019-12-28T22:45:53.414 ExecuteReader

SELECT TOP 20 
T0.[Student_Id] AS [StudentId],
T0.[Name] AS [Name],
T0.[Gender] AS [Gender],
T0.[College_Name] AS [CollegeName],
T0.[College_batch] AS [CollegeBatch],
T0.[Father_Name] AS [FatherName],
T0.[Mother_Name] AS [MotherName],
T0.[Address] AS [Address],
T0.[Description] AS [Description],
T0.[Mother_Phone] AS [MotherPhone],
T0.[Father_Phone] AS [FatherPhone],
T0.[Personal_Phone] AS [PersonalPhone],
T0.[User_Image] AS [UserImage],
T0.[Batch_Id] AS [BatchId],
T0.[AdmissionDate] AS [AdmissionDate],
T0.[AdmissionType] AS [AdmissionType],
T0.[Course_TotalFee] AS [CourseTotalFee],
T0.[Course_Duration] AS [CourseDuration],
T0.[Monthly_Fee] AS [MonthlyFee],
T0.[Left_Date] AS [LeftDate],
T0.[Entry_Date] AS [EntryDate],
T0.[Entry_User] AS [EntryUser],
T0.[IsActive] AS [IsActive],
jStudent.[Name] AS [StudentName],
jBatch.[Batch_Name] AS [BatchBatchName] 
FROM [dbo].[StudentInfo_tbl] T0 
LEFT JOIN [dbo].[StudentInfo_tbl] jStudent ON (jStudent.[Student_Id] = T0.[Student_Id]) 
LEFT JOIN [dbo].[Batch_tbl] jBatch ON (jBatch.[Batch_Id] = T0.[Batch_Id]) 
ORDER BY CONCAT(T0.[Name], CONCAT(' - ' , T0.Student_Id)), T0.[Student_Id];
SELECT count(*)  
FROM [dbo].[StudentInfo_tbl] T0 
LEFT JOIN [dbo].[StudentInfo_tbl] jStudent ON (jStudent.[Student_Id] = T0.[Student_Id]) 
LEFT JOIN [dbo].[Batch_tbl] jBatch ON (jBatch.[Batch_Id] = T0.[Batch_Id])

[D] 2019-12-28T22:45:53.430 END - ExecuteReader
[D] 2019-12-28T22:45:55.720 ExecuteReader
DECLARE @p1 INT = 1000;

SELECT 
T0.[Student_Id] AS [StudentId],
T0.[Name] AS [Name],
T0.[Gender] AS [Gender],
T0.[College_Name] AS [CollegeName],
T0.[College_batch] AS [CollegeBatch],
T0.[Father_Name] AS [FatherName],
T0.[Mother_Name] AS [MotherName],
T0.[Address] AS [Address],
T0.[Description] AS [Description],
T0.[Mother_Phone] AS [MotherPhone],
T0.[Father_Phone] AS [FatherPhone],
T0.[Personal_Phone] AS [PersonalPhone],
T0.[User_Image] AS [UserImage],
T0.[Batch_Id] AS [BatchId],
T0.[AdmissionDate] AS [AdmissionDate],
T0.[AdmissionType] AS [AdmissionType],
T0.[Course_TotalFee] AS [CourseTotalFee],
T0.[Course_Duration] AS [CourseDuration],
T0.[Monthly_Fee] AS [MonthlyFee],
T0.[Left_Date] AS [LeftDate],
T0.[Entry_Date] AS [EntryDate],
T0.[Entry_User] AS [EntryUser],
T0.[IsActive] AS [IsActive],
T0.[Student_Id] AS [StudentId],
jStudent.[Name] AS [StudentName],
jStudent.[College_Name] AS [StudentCollegeName],
T0.[College_batch] AS [CollegeBatch],
jStudent.[Gender] AS [StudentGender],
T0.[Father_Name] AS [FatherName],
T0.[Mother_Name] AS [MotherName],
T0.[Mother_Name] AS [MotherName],
T0.[College_Name] AS [CollegeName],
jStudent.[Address] AS [StudentAddress],
T0.[Personal_Phone] AS [PersonalPhone],
T0.[Father_Phone] AS [FatherPhone],
T0.[Mother_Phone] AS [MotherPhone],
T0.[User_Image] AS [UserImage],
T0.[Entry_Date] AS [EntryDate],
T0.[AdmissionDate] AS [AdmissionDate],
jBatch.[Batch_Name] AS [BatchBatchName],
jBatch.[Batch_Time] AS [BatchBatchTime],
jBatch.[Batch_Days] AS [BatchBatchDays],
T0.[AdmissionType] AS [AdmissionType],
T0.[Monthly_Fee] AS [MonthlyFee],
T0.[Course_TotalFee] AS [CourseTotalFee],
T0.[Course_Duration] AS [CourseDuration],
jStudent.[Name] AS [StudentName] 
FROM [dbo].[StudentInfo_tbl] T0 
LEFT JOIN [dbo].[StudentInfo_tbl] jStudent ON (jStudent.[Student_Id] = T0.[Student_Id]) 
LEFT JOIN [dbo].[Batch_tbl] jBatch ON (jBatch.[Batch_Id] = T0.[Batch_Id]) 
WHERE (T0.[Student_Id] = @p1)

[D] 2019-12-28T22:45:55.724 END - ExecuteReader
[D] 2019-12-28T22:47:13.071 ExecuteReader

SELECT TOP 20 
T0.[Student_Id] AS [StudentId],
T0.[Name] AS [Name],
T0.[Gender] AS [Gender],
T0.[College_Name] AS [CollegeName],
T0.[College_batch] AS [CollegeBatch],
T0.[Father_Name] AS [FatherName],
T0.[Mother_Name] AS [MotherName],
T0.[Address] AS [Address],
T0.[Description] AS [Description],
T0.[Mother_Phone] AS [MotherPhone],
T0.[Father_Phone] AS [FatherPhone],
T0.[Personal_Phone] AS [PersonalPhone],
T0.[User_Image] AS [UserImage],
T0.[Batch_Id] AS [BatchId],
T0.[AdmissionDate] AS [AdmissionDate],
T0.[AdmissionType] AS [AdmissionType],
T0.[Course_TotalFee] AS [CourseTotalFee],
T0.[Course_Duration] AS [CourseDuration],
T0.[Monthly_Fee] AS [MonthlyFee],
T0.[Left_Date] AS [LeftDate],
T0.[Entry_Date] AS [EntryDate],
T0.[Entry_User] AS [EntryUser],
T0.[IsActive] AS [IsActive],
jStudent.[Name] AS [StudentName],
jBatch.[Batch_Name] AS [BatchBatchName] 
FROM [dbo].[StudentInfo_tbl] T0 
LEFT JOIN [dbo].[StudentInfo_tbl] jStudent ON (jStudent.[Student_Id] = T0.[Student_Id]) 
LEFT JOIN [dbo].[Batch_tbl] jBatch ON (jBatch.[Batch_Id] = T0.[Batch_Id]) 
ORDER BY CONCAT(T0.[Name], CONCAT(' - ' , T0.Student_Id)), T0.[Student_Id];
SELECT count(*)  
FROM [dbo].[StudentInfo_tbl] T0 
LEFT JOIN [dbo].[StudentInfo_tbl] jStudent ON (jStudent.[Student_Id] = T0.[Student_Id]) 
LEFT JOIN [dbo].[Batch_tbl] jBatch ON (jBatch.[Batch_Id] = T0.[Batch_Id])

[D] 2019-12-28T22:47:13.080 END - ExecuteReader
[D] 2019-12-28T22:47:14.787 ExecuteReader
DECLARE @p1 INT = 1002;

SELECT 
T0.[Student_Id] AS [StudentId],
T0.[Name] AS [Name],
T0.[Gender] AS [Gender],
T0.[College_Name] AS [CollegeName],
T0.[College_batch] AS [CollegeBatch],
T0.[Father_Name] AS [FatherName],
T0.[Mother_Name] AS [MotherName],
T0.[Address] AS [Address],
T0.[Description] AS [Description],
T0.[Mother_Phone] AS [MotherPhone],
T0.[Father_Phone] AS [FatherPhone],
T0.[Personal_Phone] AS [PersonalPhone],
T0.[User_Image] AS [UserImage],
T0.[Batch_Id] AS [BatchId],
T0.[AdmissionDate] AS [AdmissionDate],
T0.[AdmissionType] AS [AdmissionType],
T0.[Course_TotalFee] AS [CourseTotalFee],
T0.[Course_Duration] AS [CourseDuration],
T0.[Monthly_Fee] AS [MonthlyFee],
T0.[Left_Date] AS [LeftDate],
T0.[Entry_Date] AS [EntryDate],
T0.[Entry_User] AS [EntryUser],
T0.[IsActive] AS [IsActive],
T0.[Student_Id] AS [StudentId],
jStudent.[Name] AS [StudentName],
jStudent.[College_Name] AS [StudentCollegeName],
T0.[College_batch] AS [CollegeBatch],
jStudent.[Gender] AS [StudentGender],
T0.[Father_Name] AS [FatherName],
T0.[Mother_Name] AS [MotherName],
T0.[Mother_Name] AS [MotherName],
T0.[College_Name] AS [CollegeName],
jStudent.[Address] AS [StudentAddress],
T0.[Personal_Phone] AS [PersonalPhone],
T0.[Father_Phone] AS [FatherPhone],
T0.[Mother_Phone] AS [MotherPhone],
T0.[User_Image] AS [UserImage],
T0.[Entry_Date] AS [EntryDate],
T0.[AdmissionDate] AS [AdmissionDate],
jBatch.[Batch_Name] AS [BatchBatchName],
jBatch.[Batch_Time] AS [BatchBatchTime],
jBatch.[Batch_Days] AS [BatchBatchDays],
T0.[AdmissionType] AS [AdmissionType],
T0.[Monthly_Fee] AS [MonthlyFee],
T0.[Course_TotalFee] AS [CourseTotalFee],
T0.[Course_Duration] AS [CourseDuration],
jStudent.[Name] AS [StudentName] 
FROM [dbo].[StudentInfo_tbl] T0 
LEFT JOIN [dbo].[StudentInfo_tbl] jStudent ON (jStudent.[Student_Id] = T0.[Student_Id]) 
LEFT JOIN [dbo].[Batch_tbl] jBatch ON (jBatch.[Batch_Id] = T0.[Batch_Id]) 
WHERE (T0.[Student_Id] = @p1)

[D] 2019-12-28T22:47:14.790 END - ExecuteReader
[D] 2019-12-28T22:47:46.646 ExecuteReader
DECLARE @p1 INT = 1002;

SELECT 
T0.[Student_Id] AS [StudentId],
T0.[Name] AS [Name],
T0.[Gender] AS [Gender],
T0.[College_Name] AS [CollegeName],
T0.[College_batch] AS [CollegeBatch],
T0.[Father_Name] AS [FatherName],
T0.[Mother_Name] AS [MotherName],
T0.[Address] AS [Address],
T0.[Description] AS [Description],
T0.[Mother_Phone] AS [MotherPhone],
T0.[Father_Phone] AS [FatherPhone],
T0.[Personal_Phone] AS [PersonalPhone],
T0.[User_Image] AS [UserImage],
T0.[Batch_Id] AS [BatchId],
T0.[AdmissionDate] AS [AdmissionDate],
T0.[AdmissionType] AS [AdmissionType],
T0.[Course_TotalFee] AS [CourseTotalFee],
T0.[Course_Duration] AS [CourseDuration],
T0.[Monthly_Fee] AS [MonthlyFee],
T0.[Left_Date] AS [LeftDate],
T0.[Entry_Date] AS [EntryDate],
T0.[Entry_User] AS [EntryUser],
T0.[IsActive] AS [IsActive],
T0.[Student_Id] AS [StudentId],
jStudent.[Name] AS [StudentName],
jStudent.[College_Name] AS [StudentCollegeName],
T0.[College_batch] AS [CollegeBatch],
jStudent.[Gender] AS [StudentGender],
T0.[Father_Name] AS [FatherName],
T0.[Mother_Name] AS [MotherName],
T0.[Mother_Name] AS [MotherName],
T0.[College_Name] AS [CollegeName],
jStudent.[Address] AS [StudentAddress],
T0.[Personal_Phone] AS [PersonalPhone],
T0.[Father_Phone] AS [FatherPhone],
T0.[Mother_Phone] AS [MotherPhone],
T0.[User_Image] AS [UserImage],
T0.[Entry_Date] AS [EntryDate],
T0.[AdmissionDate] AS [AdmissionDate],
jBatch.[Batch_Name] AS [BatchBatchName],
jBatch.[Batch_Time] AS [BatchBatchTime],
jBatch.[Batch_Days] AS [BatchBatchDays],
T0.[AdmissionType] AS [AdmissionType],
T0.[Monthly_Fee] AS [MonthlyFee],
T0.[Course_TotalFee] AS [CourseTotalFee],
T0.[Course_Duration] AS [CourseDuration],
jStudent.[Name] AS [StudentName] 
FROM [dbo].[StudentInfo_tbl] T0 
LEFT JOIN [dbo].[StudentInfo_tbl] jStudent ON (jStudent.[Student_Id] = T0.[Student_Id]) 
LEFT JOIN [dbo].[Batch_tbl] jBatch ON (jBatch.[Batch_Id] = T0.[Batch_Id]) 
WHERE (T0.[Student_Id] = @p1)

[D] 2019-12-28T22:47:46.651 END - ExecuteReader
[D] 2019-12-28T22:48:11.705 ExecuteReader
DECLARE @p1 INT = 1002;

SELECT 
T0.[Student_Id] AS [StudentId],
T0.[Name] AS [Name],
T0.[Gender] AS [Gender],
T0.[College_Name] AS [CollegeName],
T0.[College_batch] AS [CollegeBatch],
T0.[Father_Name] AS [FatherName],
T0.[Mother_Name] AS [MotherName],
T0.[Address] AS [Address],
T0.[Description] AS [Description],
T0.[Mother_Phone] AS [MotherPhone],
T0.[Father_Phone] AS [FatherPhone],
T0.[Personal_Phone] AS [PersonalPhone],
T0.[User_Image] AS [UserImage],
T0.[Batch_Id] AS [BatchId],
T0.[AdmissionDate] AS [AdmissionDate],
T0.[AdmissionType] AS [AdmissionType],
T0.[Course_TotalFee] AS [CourseTotalFee],
T0.[Course_Duration] AS [CourseDuration],
T0.[Monthly_Fee] AS [MonthlyFee],
T0.[Left_Date] AS [LeftDate],
T0.[Entry_Date] AS [EntryDate],
T0.[Entry_User] AS [EntryUser],
T0.[IsActive] AS [IsActive],
T0.[Student_Id] AS [StudentId],
jStudent.[Name] AS [StudentName],
jStudent.[College_Name] AS [StudentCollegeName],
T0.[College_batch] AS [CollegeBatch],
jStudent.[Gender] AS [StudentGender],
T0.[Father_Name] AS [FatherName],
T0.[Mother_Name] AS [MotherName],
T0.[Mother_Name] AS [MotherName],
T0.[College_Name] AS [CollegeName],
jStudent.[Address] AS [StudentAddress],
T0.[Personal_Phone] AS [PersonalPhone],
T0.[Father_Phone] AS [FatherPhone],
T0.[Mother_Phone] AS [MotherPhone],
T0.[User_Image] AS [UserImage],
T0.[Entry_Date] AS [EntryDate],
T0.[AdmissionDate] AS [AdmissionDate],
jBatch.[Batch_Name] AS [BatchBatchName],
jBatch.[Batch_Time] AS [BatchBatchTime],
jBatch.[Batch_Days] AS [BatchBatchDays],
T0.[AdmissionType] AS [AdmissionType],
T0.[Monthly_Fee] AS [MonthlyFee],
T0.[Course_TotalFee] AS [CourseTotalFee],
T0.[Course_Duration] AS [CourseDuration],
jStudent.[Name] AS [StudentName] 
FROM [dbo].[StudentInfo_tbl] T0 
LEFT JOIN [dbo].[StudentInfo_tbl] jStudent ON (jStudent.[Student_Id] = T0.[Student_Id]) 
LEFT JOIN [dbo].[Batch_tbl] jBatch ON (jBatch.[Batch_Id] = T0.[Batch_Id]) 
WHERE (T0.[Student_Id] = @p1)

[D] 2019-12-28T22:48:11.706 END - ExecuteReader
[D] 2019-12-28T22:48:49.563 ExecuteReader
DECLARE @p1 INT = 1000;

SELECT 
T0.[Student_Id] AS [StudentId],
T0.[Name] AS [Name],
T0.[Gender] AS [Gender],
T0.[College_Name] AS [CollegeName],
T0.[College_batch] AS [CollegeBatch],
T0.[Father_Name] AS [FatherName],
T0.[Mother_Name] AS [MotherName],
T0.[Address] AS [Address],
T0.[Description] AS [Description],
T0.[Mother_Phone] AS [MotherPhone],
T0.[Father_Phone] AS [FatherPhone],
T0.[Personal_Phone] AS [PersonalPhone],
T0.[User_Image] AS [UserImage],
T0.[Batch_Id] AS [BatchId],
T0.[AdmissionDate] AS [AdmissionDate],
T0.[AdmissionType] AS [AdmissionType],
T0.[Course_TotalFee] AS [CourseTotalFee],
T0.[Course_Duration] AS [CourseDuration],
T0.[Monthly_Fee] AS [MonthlyFee],
T0.[Left_Date] AS [LeftDate],
T0.[Entry_Date] AS [EntryDate],
T0.[Entry_User] AS [EntryUser],
T0.[IsActive] AS [IsActive],
T0.[Student_Id] AS [StudentId],
jStudent.[Name] AS [StudentName],
jStudent.[College_Name] AS [StudentCollegeName],
T0.[College_batch] AS [CollegeBatch],
jStudent.[Gender] AS [StudentGender],
T0.[Father_Name] AS [FatherName],
T0.[Mother_Name] AS [MotherName],
T0.[Mother_Name] AS [MotherName],
T0.[College_Name] AS [CollegeName],
jStudent.[Address] AS [StudentAddress],
T0.[Personal_Phone] AS [PersonalPhone],
T0.[Father_Phone] AS [FatherPhone],
T0.[Mother_Phone] AS [MotherPhone],
T0.[User_Image] AS [UserImage],
T0.[Entry_Date] AS [EntryDate],
T0.[AdmissionDate] AS [AdmissionDate],
jBatch.[Batch_Name] AS [BatchBatchName],
jBatch.[Batch_Time] AS [BatchBatchTime],
jBatch.[Batch_Days] AS [BatchBatchDays],
T0.[AdmissionType] AS [AdmissionType],
T0.[Monthly_Fee] AS [MonthlyFee],
T0.[Course_TotalFee] AS [CourseTotalFee],
T0.[Course_Duration] AS [CourseDuration],
jStudent.[Name] AS [StudentName] 
FROM [dbo].[StudentInfo_tbl] T0 
LEFT JOIN [dbo].[StudentInfo_tbl] jStudent ON (jStudent.[Student_Id] = T0.[Student_Id]) 
LEFT JOIN [dbo].[Batch_tbl] jBatch ON (jBatch.[Batch_Id] = T0.[Batch_Id]) 
WHERE (T0.[Student_Id] = @p1)

[D] 2019-12-28T22:48:49.567 END - ExecuteReader
[D] 2019-12-28T22:48:59.035 ExecuteReader
DECLARE @p1 INT = 1002;

SELECT 
T0.[Student_Id] AS [StudentId],
T0.[Name] AS [Name],
T0.[Gender] AS [Gender],
T0.[College_Name] AS [CollegeName],
T0.[College_batch] AS [CollegeBatch],
T0.[Father_Name] AS [FatherName],
T0.[Mother_Name] AS [MotherName],
T0.[Address] AS [Address],
T0.[Description] AS [Description],
T0.[Mother_Phone] AS [MotherPhone],
T0.[Father_Phone] AS [FatherPhone],
T0.[Personal_Phone] AS [PersonalPhone],
T0.[User_Image] AS [UserImage],
T0.[Batch_Id] AS [BatchId],
T0.[AdmissionDate] AS [AdmissionDate],
T0.[AdmissionType] AS [AdmissionType],
T0.[Course_TotalFee] AS [CourseTotalFee],
T0.[Course_Duration] AS [CourseDuration],
T0.[Monthly_Fee] AS [MonthlyFee],
T0.[Left_Date] AS [LeftDate],
T0.[Entry_Date] AS [EntryDate],
T0.[Entry_User] AS [EntryUser],
T0.[IsActive] AS [IsActive],
T0.[Student_Id] AS [StudentId],
jStudent.[Name] AS [StudentName],
jStudent.[College_Name] AS [StudentCollegeName],
T0.[College_batch] AS [CollegeBatch],
jStudent.[Gender] AS [StudentGender],
T0.[Father_Name] AS [FatherName],
T0.[Mother_Name] AS [MotherName],
T0.[Mother_Name] AS [MotherName],
T0.[College_Name] AS [CollegeName],
jStudent.[Address] AS [StudentAddress],
T0.[Personal_Phone] AS [PersonalPhone],
T0.[Father_Phone] AS [FatherPhone],
T0.[Mother_Phone] AS [MotherPhone],
T0.[User_Image] AS [UserImage],
T0.[Entry_Date] AS [EntryDate],
T0.[AdmissionDate] AS [AdmissionDate],
jBatch.[Batch_Name] AS [BatchBatchName],
jBatch.[Batch_Time] AS [BatchBatchTime],
jBatch.[Batch_Days] AS [BatchBatchDays],
T0.[AdmissionType] AS [AdmissionType],
T0.[Monthly_Fee] AS [MonthlyFee],
T0.[Course_TotalFee] AS [CourseTotalFee],
T0.[Course_Duration] AS [CourseDuration],
jStudent.[Name] AS [StudentName] 
FROM [dbo].[StudentInfo_tbl] T0 
LEFT JOIN [dbo].[StudentInfo_tbl] jStudent ON (jStudent.[Student_Id] = T0.[Student_Id]) 
LEFT JOIN [dbo].[Batch_tbl] jBatch ON (jBatch.[Batch_Id] = T0.[Batch_Id]) 
WHERE (T0.[Student_Id] = @p1)

[D] 2019-12-28T22:48:59.036 END - ExecuteReader
[D] 2019-12-28T22:49:17.344 ExecuteReader
DECLARE @p1 INT = 1002;

SELECT 
T0.[Student_Id] AS [StudentId],
T0.[Name] AS [Name],
T0.[Gender] AS [Gender],
T0.[College_Name] AS [CollegeName],
T0.[College_batch] AS [CollegeBatch],
T0.[Father_Name] AS [FatherName],
T0.[Mother_Name] AS [MotherName],
T0.[Address] AS [Address],
T0.[Description] AS [Description],
T0.[Mother_Phone] AS [MotherPhone],
T0.[Father_Phone] AS [FatherPhone],
T0.[Personal_Phone] AS [PersonalPhone],
T0.[User_Image] AS [UserImage],
T0.[Batch_Id] AS [BatchId],
T0.[AdmissionDate] AS [AdmissionDate],
T0.[AdmissionType] AS [AdmissionType],
T0.[Course_TotalFee] AS [CourseTotalFee],
T0.[Course_Duration] AS [CourseDuration],
T0.[Monthly_Fee] AS [MonthlyFee],
T0.[Left_Date] AS [LeftDate],
T0.[Entry_Date] AS [EntryDate],
T0.[Entry_User] AS [EntryUser],
T0.[IsActive] AS [IsActive],
T0.[Student_Id] AS [StudentId],
jStudent.[Name] AS [StudentName],
jStudent.[College_Name] AS [StudentCollegeName],
T0.[College_batch] AS [CollegeBatch],
jStudent.[Gender] AS [StudentGender],
T0.[Father_Name] AS [FatherName],
T0.[Mother_Name] AS [MotherName],
T0.[Mother_Name] AS [MotherName],
T0.[College_Name] AS [CollegeName],
jStudent.[Address] AS [StudentAddress],
T0.[Personal_Phone] AS [PersonalPhone],
T0.[Father_Phone] AS [FatherPhone],
T0.[Mother_Phone] AS [MotherPhone],
T0.[User_Image] AS [UserImage],
T0.[Entry_Date] AS [EntryDate],
T0.[AdmissionDate] AS [AdmissionDate],
jBatch.[Batch_Name] AS [BatchBatchName],
jBatch.[Batch_Time] AS [BatchBatchTime],
jBatch.[Batch_Days] AS [BatchBatchDays],
T0.[AdmissionType] AS [AdmissionType],
T0.[Monthly_Fee] AS [MonthlyFee],
T0.[Course_TotalFee] AS [CourseTotalFee],
T0.[Course_Duration] AS [CourseDuration],
jStudent.[Name] AS [StudentName] 
FROM [dbo].[StudentInfo_tbl] T0 
LEFT JOIN [dbo].[StudentInfo_tbl] jStudent ON (jStudent.[Student_Id] = T0.[Student_Id]) 
LEFT JOIN [dbo].[Batch_tbl] jBatch ON (jBatch.[Batch_Id] = T0.[Batch_Id]) 
WHERE (T0.[Student_Id] = @p1)

[D] 2019-12-28T22:49:17.345 END - ExecuteReader
[D] 2019-12-28T22:49:33.990 ExecuteReader
DECLARE @p1 INT = 1002;

SELECT 
T0.[Student_Id] AS [StudentId],
T0.[Name] AS [Name],
T0.[Gender] AS [Gender],
T0.[College_Name] AS [CollegeName],
T0.[College_batch] AS [CollegeBatch],
T0.[Father_Name] AS [FatherName],
T0.[Mother_Name] AS [MotherName],
T0.[Address] AS [Address],
T0.[Description] AS [Description],
T0.[Mother_Phone] AS [MotherPhone],
T0.[Father_Phone] AS [FatherPhone],
T0.[Personal_Phone] AS [PersonalPhone],
T0.[User_Image] AS [UserImage],
T0.[Batch_Id] AS [BatchId],
T0.[AdmissionDate] AS [AdmissionDate],
T0.[AdmissionType] AS [AdmissionType],
T0.[Course_TotalFee] AS [CourseTotalFee],
T0.[Course_Duration] AS [CourseDuration],
T0.[Monthly_Fee] AS [MonthlyFee],
T0.[Left_Date] AS [LeftDate],
T0.[Entry_Date] AS [EntryDate],
T0.[Entry_User] AS [EntryUser],
T0.[IsActive] AS [IsActive],
T0.[Student_Id] AS [StudentId],
jStudent.[Name] AS [StudentName],
jStudent.[College_Name] AS [StudentCollegeName],
T0.[College_batch] AS [CollegeBatch],
jStudent.[Gender] AS [StudentGender],
T0.[Father_Name] AS [FatherName],
T0.[Mother_Name] AS [MotherName],
T0.[Mother_Name] AS [MotherName],
T0.[College_Name] AS [CollegeName],
jStudent.[Address] AS [StudentAddress],
T0.[Personal_Phone] AS [PersonalPhone],
T0.[Father_Phone] AS [FatherPhone],
T0.[Mother_Phone] AS [MotherPhone],
T0.[User_Image] AS [UserImage],
T0.[Entry_Date] AS [EntryDate],
T0.[AdmissionDate] AS [AdmissionDate],
jBatch.[Batch_Name] AS [BatchBatchName],
jBatch.[Batch_Time] AS [BatchBatchTime],
jBatch.[Batch_Days] AS [BatchBatchDays],
T0.[AdmissionType] AS [AdmissionType],
T0.[Monthly_Fee] AS [MonthlyFee],
T0.[Course_TotalFee] AS [CourseTotalFee],
T0.[Course_Duration] AS [CourseDuration],
jStudent.[Name] AS [StudentName] 
FROM [dbo].[StudentInfo_tbl] T0 
LEFT JOIN [dbo].[StudentInfo_tbl] jStudent ON (jStudent.[Student_Id] = T0.[Student_Id]) 
LEFT JOIN [dbo].[Batch_tbl] jBatch ON (jBatch.[Batch_Id] = T0.[Batch_Id]) 
WHERE (T0.[Student_Id] = @p1)

[D] 2019-12-28T22:49:33.990 END - ExecuteReader
[D] 2019-12-28T22:50:06.623 ExecuteReader
DECLARE @p1 INT = 1002;

SELECT 
T0.[Student_Id] AS [StudentId],
T0.[Name] AS [Name],
T0.[Gender] AS [Gender],
T0.[College_Name] AS [CollegeName],
T0.[College_batch] AS [CollegeBatch],
T0.[Father_Name] AS [FatherName],
T0.[Mother_Name] AS [MotherName],
T0.[Address] AS [Address],
T0.[Description] AS [Description],
T0.[Mother_Phone] AS [MotherPhone],
T0.[Father_Phone] AS [FatherPhone],
T0.[Personal_Phone] AS [PersonalPhone],
T0.[User_Image] AS [UserImage],
T0.[Batch_Id] AS [BatchId],
T0.[AdmissionDate] AS [AdmissionDate],
T0.[AdmissionType] AS [AdmissionType],
T0.[Course_TotalFee] AS [CourseTotalFee],
T0.[Course_Duration] AS [CourseDuration],
T0.[Monthly_Fee] AS [MonthlyFee],
T0.[Left_Date] AS [LeftDate],
T0.[Entry_Date] AS [EntryDate],
T0.[Entry_User] AS [EntryUser],
T0.[IsActive] AS [IsActive],
T0.[Student_Id] AS [StudentId],
jStudent.[Name] AS [StudentName],
jStudent.[College_Name] AS [StudentCollegeName],
T0.[College_batch] AS [CollegeBatch],
jStudent.[Gender] AS [StudentGender],
T0.[Father_Name] AS [FatherName],
T0.[Mother_Name] AS [MotherName],
T0.[Mother_Name] AS [MotherName],
T0.[College_Name] AS [CollegeName],
jStudent.[Address] AS [StudentAddress],
T0.[Personal_Phone] AS [PersonalPhone],
T0.[Father_Phone] AS [FatherPhone],
T0.[Mother_Phone] AS [MotherPhone],
T0.[User_Image] AS [UserImage],
T0.[Entry_Date] AS [EntryDate],
T0.[AdmissionDate] AS [AdmissionDate],
jBatch.[Batch_Name] AS [BatchBatchName],
jBatch.[Batch_Time] AS [BatchBatchTime],
jBatch.[Batch_Days] AS [BatchBatchDays],
T0.[AdmissionType] AS [AdmissionType],
T0.[Monthly_Fee] AS [MonthlyFee],
T0.[Course_TotalFee] AS [CourseTotalFee],
T0.[Course_Duration] AS [CourseDuration],
jStudent.[Name] AS [StudentName] 
FROM [dbo].[StudentInfo_tbl] T0 
LEFT JOIN [dbo].[StudentInfo_tbl] jStudent ON (jStudent.[Student_Id] = T0.[Student_Id]) 
LEFT JOIN [dbo].[Batch_tbl] jBatch ON (jBatch.[Batch_Id] = T0.[Batch_Id]) 
WHERE (T0.[Student_Id] = @p1)

[D] 2019-12-28T22:50:06.632 END - ExecuteReader
[D] 2019-12-28T22:50:24.746 ExecuteReader

SELECT 
T0.[Student_Id] AS [StudentId],
CONCAT(T0.[Name], CONCAT(' - ' , T0.Student_Id)) AS [LookupText] 
FROM [dbo].[StudentInfo_tbl] T0 
ORDER BY CONCAT(T0.[Name], CONCAT(' - ' , T0.Student_Id))

[D] 2019-12-28T22:50:24.751 END - ExecuteReader
[D] 2019-12-28T22:50:25.022 ExecuteReader

SELECT TOP 20 
T0.[Payment_Id] AS [PaymentId],
T0.[Student_Id] AS [StudentId],
T0.[Payment_Date] AS [PaymentDate],
T0.[Amount] AS [Amount],
T0.[Entry_Date] AS [EntryDate],
T0.[Entry_User] AS [EntryUser] 
FROM [dbo].[PaymentInfo_tbl] T0 
ORDER BY T0.[Payment_Id];
SELECT count(*)  
FROM [dbo].[PaymentInfo_tbl] T0

[D] 2019-12-28T22:50:25.025 END - ExecuteReader
[D] 2019-12-28T22:50:27.205 ExecuteReader
DECLARE @p1 INT = 1002;

SELECT 
T0.[Student_Id] AS [StudentId],
T0.[Name] AS [Name],
T0.[Gender] AS [Gender],
T0.[College_Name] AS [CollegeName],
T0.[College_batch] AS [CollegeBatch],
T0.[Father_Name] AS [FatherName],
T0.[Mother_Name] AS [MotherName],
T0.[Address] AS [Address],
T0.[Description] AS [Description],
T0.[Mother_Phone] AS [MotherPhone],
T0.[Father_Phone] AS [FatherPhone],
T0.[Personal_Phone] AS [PersonalPhone],
T0.[User_Image] AS [UserImage],
T0.[Batch_Id] AS [BatchId],
T0.[AdmissionDate] AS [AdmissionDate],
T0.[AdmissionType] AS [AdmissionType],
T0.[Course_TotalFee] AS [CourseTotalFee],
T0.[Course_Duration] AS [CourseDuration],
T0.[Monthly_Fee] AS [MonthlyFee],
T0.[Left_Date] AS [LeftDate],
T0.[Entry_Date] AS [EntryDate],
T0.[Entry_User] AS [EntryUser],
T0.[IsActive] AS [IsActive],
T0.[Student_Id] AS [StudentId],
jStudent.[Name] AS [StudentName],
jStudent.[College_Name] AS [StudentCollegeName],
T0.[College_batch] AS [CollegeBatch],
jStudent.[Gender] AS [StudentGender],
T0.[Father_Name] AS [FatherName],
T0.[Mother_Name] AS [MotherName],
T0.[Mother_Name] AS [MotherName],
T0.[College_Name] AS [CollegeName],
jStudent.[Address] AS [StudentAddress],
T0.[Personal_Phone] AS [PersonalPhone],
T0.[Father_Phone] AS [FatherPhone],
T0.[Mother_Phone] AS [MotherPhone],
T0.[User_Image] AS [UserImage],
T0.[Entry_Date] AS [EntryDate],
T0.[AdmissionDate] AS [AdmissionDate],
jBatch.[Batch_Name] AS [BatchBatchName],
jBatch.[Batch_Time] AS [BatchBatchTime],
jBatch.[Batch_Days] AS [BatchBatchDays],
T0.[AdmissionType] AS [AdmissionType],
T0.[Monthly_Fee] AS [MonthlyFee],
T0.[Course_TotalFee] AS [CourseTotalFee],
T0.[Course_Duration] AS [CourseDuration],
jStudent.[Name] AS [StudentName] 
FROM [dbo].[StudentInfo_tbl] T0 
LEFT JOIN [dbo].[StudentInfo_tbl] jStudent ON (jStudent.[Student_Id] = T0.[Student_Id]) 
LEFT JOIN [dbo].[Batch_tbl] jBatch ON (jBatch.[Batch_Id] = T0.[Batch_Id]) 
WHERE (T0.[Student_Id] = @p1)

[D] 2019-12-28T22:50:27.206 END - ExecuteReader
[D] 2019-12-28T22:50:48.883 ExecuteReader

SELECT 
T0.[Payment_Id] AS [PaymentId],
T0.[Student_Id] AS [StudentId],
T0.[Payment_Date] AS [PaymentDate],
T0.[Amount] AS [Amount],
T0.[Entry_Date] AS [EntryDate],
T0.[Entry_User] AS [EntryUser] 
FROM [dbo].[PaymentInfo_tbl] T0 
ORDER BY T0.[Payment_Id]

[D] 2019-12-28T22:50:48.886 END - ExecuteReader
[D] 2019-12-28T22:52:20.724 ExecuteReader

SELECT TOP 20 
T0.[Payment_Id] AS [PaymentId],
T0.[Student_Id] AS [StudentId],
T0.[Payment_Date] AS [PaymentDate],
T0.[Amount] AS [Amount],
T0.[Entry_Date] AS [EntryDate],
T0.[Entry_User] AS [EntryUser] 
FROM [dbo].[PaymentInfo_tbl] T0 
ORDER BY T0.[Payment_Id];
SELECT count(*)  
FROM [dbo].[PaymentInfo_tbl] T0

[D] 2019-12-28T22:52:20.726 END - ExecuteReader
[D] 2019-12-28T22:52:23.150 ExecuteReader
DECLARE @p1 INT = 0;

SELECT 
T0.[Payment_Id] AS [PaymentId],
T0.[Student_Id] AS [StudentId],
T0.[Payment_Date] AS [PaymentDate],
T0.[Amount] AS [Amount],
T0.[Entry_Date] AS [EntryDate],
T0.[Entry_User] AS [EntryUser],
T0.[Student_Id] AS [StudentId],
jStudent.[Name] AS [StudentName],
jStudent.[College_Name] AS [StudentCollegeName],
T0.[Payment_Date] AS [PaymentDate],
T0.[Amount] AS [Amount] 
FROM [dbo].[PaymentInfo_tbl] T0 
LEFT JOIN [dbo].[StudentInfo_tbl] jStudent ON (jStudent.[Student_Id] = T0.[Student_Id]) 
WHERE (T0.[Payment_Id] = @p1)

[D] 2019-12-28T22:52:23.152 END - ExecuteReader
[D] 2019-12-28T22:53:09.076 ExecuteReader
DECLARE @p1 INT = 0;

SELECT 
T0.[Payment_Id] AS [PaymentId],
T0.[Student_Id] AS [StudentId],
T0.[Payment_Date] AS [PaymentDate],
T0.[Amount] AS [Amount],
T0.[Entry_Date] AS [EntryDate],
T0.[Entry_User] AS [EntryUser],
T0.[Student_Id] AS [StudentId],
jStudent.[Name] AS [StudentName],
jStudent.[College_Name] AS [StudentCollegeName],
T0.[Payment_Date] AS [PaymentDate],
T0.[Amount] AS [Amount] 
FROM [dbo].[PaymentInfo_tbl] T0 
LEFT JOIN [dbo].[StudentInfo_tbl] jStudent ON (jStudent.[Student_Id] = T0.[Student_Id]) 
WHERE (T0.[Payment_Id] = @p1)

[D] 2019-12-28T22:53:09.079 END - ExecuteReader
