[D] 2019-12-28T22:54:18.383 Dapper.QueryInternal
DECLARE name NVARCHAR(4000) = 'ConsoleProject_Default_v1';

SELECT * FROM sys.databases WHERE NAME = @name

[D] 2019-12-28T22:54:19.351 ExecuteReader
DECLARE @p1 NVARCHAR(4000) = 'admin';

SELECT 
T0.[UserId] AS [UserId],
T0.[Username] AS [Username],
T0.[Source] AS [Source],
T0.[PasswordHash] AS [PasswordHash],
T0.[PasswordSalt] AS [PasswordSalt],
T0.[DisplayName] AS [DisplayName],
T0.[Email] AS [Email],
T0.[UserImage] AS [UserImage],
T0.[LastDirectoryUpdate] AS [LastDirectoryUpdate],
T0.[IsActive] AS [IsActive],
T0.[InsertUserId] AS [InsertUserId],
T0.[InsertDate] AS [InsertDate],
T0.[UpdateUserId] AS [UpdateUserId],
T0.[UpdateDate] AS [UpdateDate] 
FROM [Users] T0 
WHERE (T0.[Username] = @p1)

[D] 2019-12-28T22:54:19.354 END - ExecuteReader
[D] 2019-12-28T22:54:19.852 ExecuteReader

SELECT 
T0.[Id] AS [Id],
T0.[LanguageName] AS [LanguageName],
T0.[LanguageId] AS [LanguageId] 
FROM [Languages] T0 
ORDER BY T0.[LanguageName]

[D] 2019-12-28T22:54:19.872 END - ExecuteReader
[D] 2019-12-28T22:54:24.236 ExecuteReader

SELECT 
T0.[Student_Id] AS [StudentId],
CONCAT(T0.[Name], CONCAT(' - ' , T0.Student_Id)) AS [LookupText] 
FROM [dbo].[StudentInfo_tbl] T0 
ORDER BY CONCAT(T0.[Name], CONCAT(' - ' , T0.Student_Id))

[D] 2019-12-28T22:54:24.238 END - ExecuteReader
[D] 2019-12-28T22:54:24.749 ExecuteReader

SELECT TOP 20 
T0.[Payment_Id] AS [PaymentId],
T0.[Student_Id] AS [StudentId],
T0.[Payment_Date] AS [PaymentDate],
T0.[Amount] AS [Amount],
T0.[Entry_Date] AS [EntryDate],
T0.[Entry_User] AS [EntryUser] 
FROM [dbo].[PaymentInfo_tbl] T0 
ORDER BY T0.[Payment_Id];
SELECT count(*)  
FROM [dbo].[PaymentInfo_tbl] T0

[D] 2019-12-28T22:54:24.765 END - ExecuteReader
