[D] 2019-12-28T22:56:11.546 Dapper.QueryInternal
DECLARE name NVARCHAR(4000) = 'ConsoleProject_Default_v1';

SELECT * FROM sys.databases WHERE NAME = @name

[D] 2019-12-28T22:56:12.488 ExecuteReader
DECLARE @p1 NVARCHAR(4000) = 'admin';

SELECT 
T0.[UserId] AS [UserId],
T0.[Username] AS [Username],
T0.[Source] AS [Source],
T0.[PasswordHash] AS [PasswordHash],
T0.[PasswordSalt] AS [PasswordSalt],
T0.[DisplayName] AS [DisplayName],
T0.[Email] AS [Email],
T0.[UserImage] AS [UserImage],
T0.[LastDirectoryUpdate] AS [LastDirectoryUpdate],
T0.[IsActive] AS [IsActive],
T0.[InsertUserId] AS [InsertUserId],
T0.[InsertDate] AS [InsertDate],
T0.[UpdateUserId] AS [UpdateUserId],
T0.[UpdateDate] AS [UpdateDate] 
FROM [Users] T0 
WHERE (T0.[Username] = @p1)

[D] 2019-12-28T22:56:12.491 END - ExecuteReader
[D] 2019-12-28T22:56:13.256 ExecuteReader

SELECT 
T0.[Id] AS [Id],
T0.[LanguageName] AS [LanguageName],
T0.[LanguageId] AS [LanguageId] 
FROM [Languages] T0 
ORDER BY T0.[LanguageName]

[D] 2019-12-28T22:56:13.258 END - ExecuteReader
[D] 2019-12-28T22:56:21.084 ExecuteReader

SELECT 
T0.[Student_Id] AS [StudentId],
CONCAT(T0.[Name], CONCAT(' - ' , T0.Student_Id)) AS [LookupText] 
FROM [dbo].[StudentInfo_tbl] T0 
ORDER BY CONCAT(T0.[Name], CONCAT(' - ' , T0.Student_Id))

[D] 2019-12-28T22:56:21.086 END - ExecuteReader
[D] 2019-12-28T22:56:21.660 ExecuteReader

SELECT TOP 20 
T0.[Payment_Id] AS [PaymentId],
T0.[Student_Id] AS [StudentId],
T0.[Payment_Date] AS [PaymentDate],
T0.[Amount] AS [Amount],
T0.[Entry_Date] AS [EntryDate],
T0.[Entry_User] AS [EntryUser] 
FROM [dbo].[PaymentInfo_tbl] T0 
ORDER BY T0.[Payment_Id];
SELECT count(*)  
FROM [dbo].[PaymentInfo_tbl] T0

[D] 2019-12-28T22:56:21.662 END - ExecuteReader
[D] 2019-12-28T22:56:24.170 ExecuteReader
DECLARE @p1 INT = 1;

SELECT 
T0.[Payment_Id] AS [PaymentId],
T0.[Student_Id] AS [StudentId],
T0.[Payment_Date] AS [PaymentDate],
T0.[Amount] AS [Amount],
T0.[Entry_Date] AS [EntryDate],
T0.[Entry_User] AS [EntryUser],
T0.[Student_Id] AS [StudentId],
jStudent.[Name] AS [StudentName],
jStudent.[College_Name] AS [StudentCollegeName],
T0.[Payment_Date] AS [PaymentDate],
T0.[Amount] AS [Amount] 
FROM [dbo].[PaymentInfo_tbl] T0 
LEFT JOIN [dbo].[StudentInfo_tbl] jStudent ON (jStudent.[Student_Id] = T0.[Student_Id]) 
WHERE (T0.[Payment_Id] = @p1)

[D] 2019-12-28T22:56:24.172 END - ExecuteReader
[D] 2019-12-28T22:57:05.251 ExecuteReader
DECLARE @p1 INT = 1;

SELECT 
T0.[Payment_Id] AS [PaymentId],
T0.[Student_Id] AS [StudentId],
T0.[Payment_Date] AS [PaymentDate],
T0.[Amount] AS [Amount],
T0.[Entry_Date] AS [EntryDate],
T0.[Entry_User] AS [EntryUser],
T0.[Student_Id] AS [StudentId],
jStudent.[Name] AS [StudentName],
jStudent.[College_Name] AS [StudentCollegeName],
T0.[Payment_Date] AS [PaymentDate],
T0.[Amount] AS [Amount] 
FROM [dbo].[PaymentInfo_tbl] T0 
LEFT JOIN [dbo].[StudentInfo_tbl] jStudent ON (jStudent.[Student_Id] = T0.[Student_Id]) 
WHERE (T0.[Payment_Id] = @p1)

[D] 2019-12-28T22:57:05.251 END - ExecuteReader
[D] 2019-12-28T23:01:21.948 ExecuteReader

SELECT TOP 20 
T0.[Payment_Id] AS [PaymentId],
T0.[Student_Id] AS [StudentId],
T0.[Payment_Date] AS [PaymentDate],
T0.[Amount] AS [Amount],
T0.[Entry_Date] AS [EntryDate],
T0.[Entry_User] AS [EntryUser] 
FROM [dbo].[PaymentInfo_tbl] T0 
ORDER BY T0.[Payment_Id];
SELECT count(*)  
FROM [dbo].[PaymentInfo_tbl] T0

[D] 2019-12-28T23:01:21.950 END - ExecuteReader
[D] 2019-12-28T23:01:24.772 ExecuteReader
DECLARE @p1 INT = 1;

SELECT 
T0.[Payment_Id] AS [PaymentId],
T0.[Student_Id] AS [StudentId],
T0.[Payment_Date] AS [PaymentDate],
T0.[Amount] AS [Amount],
T0.[Entry_Date] AS [EntryDate],
T0.[Entry_User] AS [EntryUser],
T0.[Student_Id] AS [StudentId],
jStudent.[Name] AS [StudentName],
jStudent.[College_Name] AS [StudentCollegeName],
T0.[Payment_Date] AS [PaymentDate],
T0.[Amount] AS [Amount] 
FROM [dbo].[PaymentInfo_tbl] T0 
LEFT JOIN [dbo].[StudentInfo_tbl] jStudent ON (jStudent.[Student_Id] = T0.[Student_Id]) 
WHERE (T0.[Payment_Id] = @p1)

[D] 2019-12-28T23:01:24.774 END - ExecuteReader
